[Mon May 01 18:29:42.004552 2023] [ssl:warn] [pid 8628:tid 468] AH01909: www.example.com:443:0 server certificate does NOT include an ID which matches the server name
[Mon May 01 18:29:42.053149 2023] [ssl:warn] [pid 8628:tid 468] AH01909: www.example.com:443:0 server certificate does NOT include an ID which matches the server name
[Mon May 01 18:29:42.122929 2023] [mpm_winnt:notice] [pid 8628:tid 468] AH00455: Apache/2.4.56 (Win64) OpenSSL/1.1.1t PHP/8.2.4 configured -- resuming normal operations
[Mon May 01 18:29:42.122929 2023] [mpm_winnt:notice] [pid 8628:tid 468] AH00456: Apache Lounge VS16 Server built: Mar  7 2023 13:21:03
[Mon May 01 18:29:42.122929 2023] [core:notice] [pid 8628:tid 468] AH00094: Command line: 'd:\\web\\apache\\bin\\httpd.exe -d D:/web/apache'
[Mon May 01 18:29:42.131838 2023] [mpm_winnt:notice] [pid 8628:tid 468] AH00418: Parent: Created child process 13908
[Mon May 01 18:29:42.746160 2023] [ssl:warn] [pid 13908:tid 436] AH01909: www.example.com:443:0 server certificate does NOT include an ID which matches the server name
[Mon May 01 18:29:42.788103 2023] [ssl:warn] [pid 13908:tid 436] AH01909: www.example.com:443:0 server certificate does NOT include an ID which matches the server name
[Mon May 01 18:29:42.836353 2023] [mpm_winnt:notice] [pid 13908:tid 436] AH00354: Child: Starting 150 worker threads.
[Mon May 01 18:30:24.499169 2023] [ssl:warn] [pid 11616:tid 432] AH01909: www.example.com:443:0 server certificate does NOT include an ID which matches the server name
[Mon May 01 18:30:24.542247 2023] [core:warn] [pid 11616:tid 432] AH00098: pid file D:/web/apache/logs/httpd.pid overwritten -- Unclean shutdown of previous Apache run?
[Mon May 01 18:30:24.546784 2023] [ssl:warn] [pid 11616:tid 432] AH01909: www.example.com:443:0 server certificate does NOT include an ID which matches the server name
[Mon May 01 18:30:24.597102 2023] [mpm_winnt:notice] [pid 11616:tid 432] AH00455: Apache/2.4.56 (Win64) OpenSSL/1.1.1t PHP/8.2.4 configured -- resuming normal operations
[Mon May 01 18:30:24.597102 2023] [mpm_winnt:notice] [pid 11616:tid 432] AH00456: Apache Lounge VS16 Server built: Mar  7 2023 13:21:03
[Mon May 01 18:30:24.597102 2023] [core:notice] [pid 11616:tid 432] AH00094: Command line: 'd:\\web\\apache\\bin\\httpd.exe -d D:/web/apache'
[Mon May 01 18:30:24.604433 2023] [mpm_winnt:notice] [pid 11616:tid 432] AH00418: Parent: Created child process 9000
[Mon May 01 18:30:25.130169 2023] [ssl:warn] [pid 9000:tid 436] AH01909: www.example.com:443:0 server certificate does NOT include an ID which matches the server name
[Mon May 01 18:30:25.193693 2023] [ssl:warn] [pid 9000:tid 436] AH01909: www.example.com:443:0 server certificate does NOT include an ID which matches the server name
[Mon May 01 18:30:25.256986 2023] [mpm_winnt:notice] [pid 9000:tid 436] AH00354: Child: Starting 150 worker threads.
[Thu May 04 10:55:17.357519 2023] [ssl:warn] [pid 7888:tid 412] AH01909: www.example.com:443:0 server certificate does NOT include an ID which matches the server name
[Thu May 04 10:55:17.394179 2023] [core:warn] [pid 7888:tid 412] AH00098: pid file D:/web/apache/logs/httpd.pid overwritten -- Unclean shutdown of previous Apache run?
[Thu May 04 10:55:17.394565 2023] [ssl:warn] [pid 7888:tid 412] AH01909: www.example.com:443:0 server certificate does NOT include an ID which matches the server name
[Thu May 04 10:55:17.781069 2023] [mpm_winnt:notice] [pid 7888:tid 412] AH00455: Apache/2.4.56 (Win64) OpenSSL/1.1.1t PHP/8.2.4 configured -- resuming normal operations
[Thu May 04 10:55:17.781069 2023] [mpm_winnt:notice] [pid 7888:tid 412] AH00456: Apache Lounge VS16 Server built: Mar  7 2023 13:21:03
[Thu May 04 10:55:17.781069 2023] [core:notice] [pid 7888:tid 412] AH00094: Command line: 'd:\\web\\apache\\bin\\httpd.exe -d D:/web/apache'
[Thu May 04 10:55:17.788915 2023] [mpm_winnt:notice] [pid 7888:tid 412] AH00418: Parent: Created child process 9112
[Thu May 04 10:55:18.186576 2023] [ssl:warn] [pid 9112:tid 424] AH01909: www.example.com:443:0 server certificate does NOT include an ID which matches the server name
[Thu May 04 10:55:18.221490 2023] [ssl:warn] [pid 9112:tid 424] AH01909: www.example.com:443:0 server certificate does NOT include an ID which matches the server name
[Thu May 04 10:55:18.265293 2023] [mpm_winnt:notice] [pid 9112:tid 424] AH00354: Child: Starting 150 worker threads.
[Thu May 04 11:15:11.874482 2023] [php:error] [pid 9112:tid 1820] [client ::1:58461] PHP Fatal error:  Uncaught mysqli_sql_exception: No database selected in D:\\web\\htdocs\\praktikumphp\\pert1\\index.php:17\nStack trace:\n#0 D:\\web\\htdocs\\praktikumphp\\pert1\\index.php(17): mysqli_query(Object(mysqli), 'INSERT INTO tod...')\n#1 {main}\n  thrown in D:\\web\\htdocs\\praktikumphp\\pert1\\index.php on line 17, referer: http://localhost/praktikumphp/
[Thu May 04 11:16:45.574313 2023] [php:error] [pid 9112:tid 1844] [client ::1:58474] PHP Fatal error:  Uncaught mysqli_sql_exception: Table 'tododb.too' doesn't exist in D:\\web\\htdocs\\praktikumphp\\pert1\\index.php:17\nStack trace:\n#0 D:\\web\\htdocs\\praktikumphp\\pert1\\index.php(17): mysqli_query(Object(mysqli), 'INSERT INTO too...')\n#1 {main}\n  thrown in D:\\web\\htdocs\\praktikumphp\\pert1\\index.php on line 17, referer: http://localhost/praktikumphp/
[Thu May 04 11:23:21.793223 2023] [php:warn] [pid 9112:tid 1812] [client ::1:58621] PHP Warning:  Undefined array key "firstname" in D:\\web\\htdocs\\praktikumphp\\pert1\\index.php on line 20, referer: http://localhost/praktikumphp/
[Thu May 04 11:23:21.793223 2023] [php:warn] [pid 9112:tid 1812] [client ::1:58621] PHP Warning:  Undefined array key "lastname" in D:\\web\\htdocs\\praktikumphp\\pert1\\index.php on line 20, referer: http://localhost/praktikumphp/
[Thu May 04 11:23:21.793223 2023] [php:warn] [pid 9112:tid 1812] [client ::1:58621] PHP Warning:  Undefined array key "firstname" in D:\\web\\htdocs\\praktikumphp\\pert1\\index.php on line 20, referer: http://localhost/praktikumphp/
[Thu May 04 11:23:21.793223 2023] [php:warn] [pid 9112:tid 1812] [client ::1:58621] PHP Warning:  Undefined array key "lastname" in D:\\web\\htdocs\\praktikumphp\\pert1\\index.php on line 20, referer: http://localhost/praktikumphp/
[Thu May 04 19:07:15.098052 2023] [ssl:warn] [pid 6720:tid 412] AH01909: www.example.com:443:0 server certificate does NOT include an ID which matches the server name
[Thu May 04 19:07:15.151601 2023] [core:warn] [pid 6720:tid 412] AH00098: pid file D:/web/apache/logs/httpd.pid overwritten -- Unclean shutdown of previous Apache run?
[Thu May 04 19:07:15.159904 2023] [ssl:warn] [pid 6720:tid 412] AH01909: www.example.com:443:0 server certificate does NOT include an ID which matches the server name
[Thu May 04 19:07:15.570560 2023] [mpm_winnt:notice] [pid 6720:tid 412] AH00455: Apache/2.4.56 (Win64) OpenSSL/1.1.1t PHP/8.2.4 configured -- resuming normal operations
[Thu May 04 19:07:15.570560 2023] [mpm_winnt:notice] [pid 6720:tid 412] AH00456: Apache Lounge VS16 Server built: Mar  7 2023 13:21:03
[Thu May 04 19:07:15.570560 2023] [core:notice] [pid 6720:tid 412] AH00094: Command line: 'd:\\web\\apache\\bin\\httpd.exe -d D:/web/apache'
[Thu May 04 19:07:15.577001 2023] [mpm_winnt:notice] [pid 6720:tid 412] AH00418: Parent: Created child process 10808
[Thu May 04 19:07:15.956725 2023] [ssl:warn] [pid 10808:tid 416] AH01909: www.example.com:443:0 server certificate does NOT include an ID which matches the server name
[Thu May 04 19:07:15.993373 2023] [ssl:warn] [pid 10808:tid 416] AH01909: www.example.com:443:0 server certificate does NOT include an ID which matches the server name
[Thu May 04 19:07:16.031299 2023] [mpm_winnt:notice] [pid 10808:tid 416] AH00354: Child: Starting 150 worker threads.
[Thu May 04 19:20:41.280100 2023] [php:warn] [pid 10808:tid 1848] [client ::1:50092] PHP Warning:  Undefined variable $mahasiswa in D:\\web\\htdocs\\praktikumphp\\pert1\\getPost\\lat1.php on line 33
[Thu May 04 19:20:41.280705 2023] [php:warn] [pid 10808:tid 1848] [client ::1:50092] PHP Warning:  foreach() argument must be of type array|object, null given in D:\\web\\htdocs\\praktikumphp\\pert1\\getPost\\lat1.php on line 33
[Thu May 04 19:21:43.391531 2023] [php:error] [pid 10808:tid 1848] [client ::1:50098] script 'D:/web/htdocs/praktikumphp/pert1/getPost/lat2.php' not found or unable to stat, referer: http://localhost/praktikumphp/pert1/getPost/lat1.php
[Thu May 04 19:46:40.339650 2023] [php:warn] [pid 10808:tid 1844] [client ::1:50244] PHP Warning:  Undefined array key "gambar" in D:\\web\\htdocs\\praktikumphp\\pert1\\getPost\\lat2.php on line 11, referer: http://localhost/praktikumphp/pert1/getPost/lat1.php
[Thu May 04 19:46:40.340167 2023] [php:warn] [pid 10808:tid 1844] [client ::1:50244] PHP Warning:  Undefined array key "nama" in D:\\web\\htdocs\\praktikumphp\\pert1\\getPost\\lat2.php on line 13, referer: http://localhost/praktikumphp/pert1/getPost/lat1.php
[Thu May 04 19:46:40.340167 2023] [php:warn] [pid 10808:tid 1844] [client ::1:50244] PHP Warning:  Undefined array key "nrp" in D:\\web\\htdocs\\praktikumphp\\pert1\\getPost\\lat2.php on line 14, referer: http://localhost/praktikumphp/pert1/getPost/lat1.php
[Thu May 04 19:46:40.340167 2023] [php:warn] [pid 10808:tid 1844] [client ::1:50244] PHP Warning:  Undefined array key "email" in D:\\web\\htdocs\\praktikumphp\\pert1\\getPost\\lat2.php on line 15, referer: http://localhost/praktikumphp/pert1/getPost/lat1.php
[Thu May 04 19:48:22.923078 2023] [php:warn] [pid 10808:tid 1848] [client ::1:50253] PHP Warning:  Undefined array key "gambar" in D:\\web\\htdocs\\praktikumphp\\pert1\\getPost\\lat2.php on line 11
[Thu May 04 19:48:22.923078 2023] [php:warn] [pid 10808:tid 1848] [client ::1:50253] PHP Warning:  Undefined array key "nama" in D:\\web\\htdocs\\praktikumphp\\pert1\\getPost\\lat2.php on line 13
[Thu May 04 19:48:22.923078 2023] [php:warn] [pid 10808:tid 1848] [client ::1:50253] PHP Warning:  Undefined array key "nrp" in D:\\web\\htdocs\\praktikumphp\\pert1\\getPost\\lat2.php on line 14
[Thu May 04 19:48:22.923078 2023] [php:warn] [pid 10808:tid 1848] [client ::1:50253] PHP Warning:  Undefined array key "email" in D:\\web\\htdocs\\praktikumphp\\pert1\\getPost\\lat2.php on line 15
[Thu May 04 19:50:50.714867 2023] [php:warn] [pid 10808:tid 1844] [client ::1:50265] PHP Warning:  Undefined array key "gambar" in D:\\web\\htdocs\\praktikumphp\\pert1\\getPost\\lat2.php on line 20
[Thu May 04 19:50:50.714867 2023] [php:warn] [pid 10808:tid 1844] [client ::1:50265] PHP Warning:  Undefined array key "nama" in D:\\web\\htdocs\\praktikumphp\\pert1\\getPost\\lat2.php on line 22
[Thu May 04 19:50:50.714867 2023] [php:warn] [pid 10808:tid 1844] [client ::1:50265] PHP Warning:  Undefined array key "nrp" in D:\\web\\htdocs\\praktikumphp\\pert1\\getPost\\lat2.php on line 23
[Thu May 04 19:50:50.715366 2023] [php:warn] [pid 10808:tid 1844] [client ::1:50265] PHP Warning:  Undefined array key "email" in D:\\web\\htdocs\\praktikumphp\\pert1\\getPost\\lat2.php on line 24
[Thu May 04 19:51:16.739498 2023] [php:warn] [pid 10808:tid 1844] [client ::1:50268] PHP Warning:  Undefined array key "gambar" in D:\\web\\htdocs\\praktikumphp\\pert1\\getPost\\lat2.php on line 20
[Thu May 04 19:51:16.739498 2023] [php:warn] [pid 10808:tid 1844] [client ::1:50268] PHP Warning:  Undefined array key "nama" in D:\\web\\htdocs\\praktikumphp\\pert1\\getPost\\lat2.php on line 22
[Thu May 04 19:51:16.739498 2023] [php:warn] [pid 10808:tid 1844] [client ::1:50268] PHP Warning:  Undefined array key "nrp" in D:\\web\\htdocs\\praktikumphp\\pert1\\getPost\\lat2.php on line 23
[Thu May 04 19:51:16.740228 2023] [php:warn] [pid 10808:tid 1844] [client ::1:50268] PHP Warning:  Undefined array key "email" in D:\\web\\htdocs\\praktikumphp\\pert1\\getPost\\lat2.php on line 24
[Thu May 04 19:51:49.774005 2023] [php:warn] [pid 10808:tid 1848] [client ::1:50269] PHP Warning:  Undefined array key "gambar" in D:\\web\\htdocs\\praktikumphp\\pert1\\getPost\\lat2.php on line 20
[Thu May 04 19:51:49.774534 2023] [php:warn] [pid 10808:tid 1848] [client ::1:50269] PHP Warning:  Undefined array key "nama" in D:\\web\\htdocs\\praktikumphp\\pert1\\getPost\\lat2.php on line 22
[Thu May 04 19:51:49.774534 2023] [php:warn] [pid 10808:tid 1848] [client ::1:50269] PHP Warning:  Undefined array key "nrp" in D:\\web\\htdocs\\praktikumphp\\pert1\\getPost\\lat2.php on line 23
[Thu May 04 19:51:49.774534 2023] [php:warn] [pid 10808:tid 1848] [client ::1:50269] PHP Warning:  Undefined array key "email" in D:\\web\\htdocs\\praktikumphp\\pert1\\getPost\\lat2.php on line 24
[Thu May 04 19:52:21.729743 2023] [php:warn] [pid 10808:tid 1848] [client ::1:50277] PHP Warning:  Undefined array key "gambar" in D:\\web\\htdocs\\praktikumphp\\pert1\\getPost\\lat2.php on line 12
[Thu May 04 19:52:21.731114 2023] [php:warn] [pid 10808:tid 1848] [client ::1:50277] PHP Warning:  Undefined array key "nama" in D:\\web\\htdocs\\praktikumphp\\pert1\\getPost\\lat2.php on line 14
[Thu May 04 19:52:21.731114 2023] [php:warn] [pid 10808:tid 1848] [client ::1:50277] PHP Warning:  Undefined array key "nrp" in D:\\web\\htdocs\\praktikumphp\\pert1\\getPost\\lat2.php on line 15
[Thu May 04 19:52:21.731114 2023] [php:warn] [pid 10808:tid 1848] [client ::1:50277] PHP Warning:  Undefined array key "email" in D:\\web\\htdocs\\praktikumphp\\pert1\\getPost\\lat2.php on line 16
[Thu May 04 19:54:01.207850 2023] [php:warn] [pid 10808:tid 1848] [client ::1:50294] PHP Warning:  Undefined array key "gambar" in D:\\web\\htdocs\\praktikumphp\\pert1\\getPost\\lat2.php on line 17
[Thu May 04 19:54:01.209045 2023] [php:warn] [pid 10808:tid 1848] [client ::1:50294] PHP Warning:  Undefined array key "nama" in D:\\web\\htdocs\\praktikumphp\\pert1\\getPost\\lat2.php on line 19
[Thu May 04 19:54:01.209045 2023] [php:warn] [pid 10808:tid 1848] [client ::1:50294] PHP Warning:  Undefined array key "nrp" in D:\\web\\htdocs\\praktikumphp\\pert1\\getPost\\lat2.php on line 20
[Thu May 04 19:54:01.209545 2023] [php:warn] [pid 10808:tid 1848] [client ::1:50294] PHP Warning:  Undefined array key "email" in D:\\web\\htdocs\\praktikumphp\\pert1\\getPost\\lat2.php on line 21
[Thu May 04 20:00:18.893580 2023] [php:warn] [pid 10808:tid 1844] [client ::1:50343] PHP Warning:  Undefined array key "nama" in D:\\web\\htdocs\\praktikumphp\\pert1\\getPost\\lat4.php on line 9
[Thu May 04 20:01:36.687794 2023] [php:warn] [pid 10808:tid 1844] [client ::1:50355] PHP Warning:  Undefined array key "nama" in D:\\web\\htdocs\\praktikumphp\\pert1\\getPost\\lat4.php on line 9
[Thu May 04 21:13:11.090271 2023] [php:warn] [pid 10808:tid 1848] [client ::1:50676] PHP Warning:  Undefined array key "nama" in D:\\web\\htdocs\\praktikumphp\\pert1\\getPost\\lat4.php on line 9
[Thu May 04 22:17:11.144068 2023] [ssl:warn] [pid 3928:tid 432] AH01909: www.example.com:443:0 server certificate does NOT include an ID which matches the server name
[Thu May 04 22:17:11.183135 2023] [core:warn] [pid 3928:tid 432] AH00098: pid file D:/web/apache/logs/httpd.pid overwritten -- Unclean shutdown of previous Apache run?
[Thu May 04 22:17:11.185672 2023] [ssl:warn] [pid 3928:tid 432] AH01909: www.example.com:443:0 server certificate does NOT include an ID which matches the server name
[Thu May 04 22:17:11.478582 2023] [mpm_winnt:notice] [pid 3928:tid 432] AH00455: Apache/2.4.56 (Win64) OpenSSL/1.1.1t PHP/8.2.4 configured -- resuming normal operations
[Thu May 04 22:17:11.478582 2023] [mpm_winnt:notice] [pid 3928:tid 432] AH00456: Apache Lounge VS16 Server built: Mar  7 2023 13:21:03
[Thu May 04 22:17:11.478582 2023] [core:notice] [pid 3928:tid 432] AH00094: Command line: 'd:\\web\\apache\\bin\\httpd.exe -d D:/web/apache'
[Thu May 04 22:17:11.482155 2023] [mpm_winnt:notice] [pid 3928:tid 432] AH00418: Parent: Created child process 2876
[Thu May 04 22:17:11.752015 2023] [ssl:warn] [pid 2876:tid 416] AH01909: www.example.com:443:0 server certificate does NOT include an ID which matches the server name
[Thu May 04 22:17:11.789149 2023] [ssl:warn] [pid 2876:tid 416] AH01909: www.example.com:443:0 server certificate does NOT include an ID which matches the server name
[Thu May 04 22:17:11.831261 2023] [mpm_winnt:notice] [pid 2876:tid 416] AH00354: Child: Starting 150 worker threads.
[Thu May 04 22:57:27.191336 2023] [php:error] [pid 2876:tid 1840] [client ::1:56717] PHP Fatal error:  Uncaught mysqli_sql_exception: Unknown database 'mahasiswa' in D:\\web\\htdocs\\praktikumphp\\pert1\\DataBase\\index.php:8\nStack trace:\n#0 D:\\web\\htdocs\\praktikumphp\\pert1\\DataBase\\index.php(8): mysqli_connect('localhost', 'root', Object(SensitiveParameterValue), 'mahasiswa')\n#1 {main}\n  thrown in D:\\web\\htdocs\\praktikumphp\\pert1\\DataBase\\index.php on line 8
[Thu May 04 22:58:35.194364 2023] [php:warn] [pid 2876:tid 1828] [client ::1:56721] PHP Warning:  Undefined variable $result in D:\\web\\htdocs\\praktikumphp\\pert1\\DataBase\\index.php on line 13
[Thu May 04 22:58:35.194364 2023] [php:error] [pid 2876:tid 1828] [client ::1:56721] PHP Fatal error:  Uncaught TypeError: mysqli_num_rows(): Argument #1 ($result) must be of type mysqli_result, null given in D:\\web\\htdocs\\praktikumphp\\pert1\\DataBase\\index.php:13\nStack trace:\n#0 D:\\web\\htdocs\\praktikumphp\\pert1\\DataBase\\index.php(13): mysqli_num_rows(NULL)\n#1 {main}\n  thrown in D:\\web\\htdocs\\praktikumphp\\pert1\\DataBase\\index.php on line 13
[Thu May 04 23:18:25.807166 2023] [php:warn] [pid 2876:tid 1828] [client ::1:61588] PHP Warning:  Undefined variable $conn in D:\\web\\htdocs\\praktikumphp\\pert1\\DataBase\\index.php on line 5
[Thu May 04 23:18:25.807166 2023] [php:error] [pid 2876:tid 1828] [client ::1:61588] PHP Fatal error:  Uncaught TypeError: mysqli_query(): Argument #1 ($mysql) must be of type mysqli, null given in D:\\web\\htdocs\\praktikumphp\\pert1\\DataBase\\index.php:5\nStack trace:\n#0 D:\\web\\htdocs\\praktikumphp\\pert1\\DataBase\\index.php(5): mysqli_query(NULL, 'select * from m...')\n#1 {main}\n  thrown in D:\\web\\htdocs\\praktikumphp\\pert1\\DataBase\\index.php on line 5
[Thu May 04 23:28:06.718897 2023] [php:warn] [pid 2876:tid 1840] [client ::1:61608] PHP Warning:  Undefined variable $conn in D:\\web\\htdocs\\praktikumphp\\pert1\\DataBase\\controller.php on line 8
[Thu May 04 23:28:06.718897 2023] [php:error] [pid 2876:tid 1840] [client ::1:61608] PHP Fatal error:  Uncaught TypeError: mysqli_query(): Argument #1 ($mysql) must be of type mysqli, null given in D:\\web\\htdocs\\praktikumphp\\pert1\\DataBase\\controller.php:8\nStack trace:\n#0 D:\\web\\htdocs\\praktikumphp\\pert1\\DataBase\\controller.php(8): mysqli_query(NULL, 'SELECT * FROM m...')\n#1 D:\\web\\htdocs\\praktikumphp\\pert1\\DataBase\\index.php(3): query('SELECT * FROM m...')\n#2 {main}\n  thrown in D:\\web\\htdocs\\praktikumphp\\pert1\\DataBase\\controller.php on line 8
[Thu May 04 23:28:41.359764 2023] [php:error] [pid 2876:tid 1828] [client ::1:61609] PHP Fatal error:  Uncaught TypeError: Cannot access offset of type string on string in D:\\web\\htdocs\\praktikumphp\\pert1\\DataBase\\index.php:98\nStack trace:\n#0 {main}\n  thrown in D:\\web\\htdocs\\praktikumphp\\pert1\\DataBase\\index.php on line 98
[Thu May 04 23:30:00.861641 2023] [php:error] [pid 2876:tid 1840] [client ::1:61617] PHP Fatal error:  Uncaught TypeError: Cannot access offset of type string on string in D:\\web\\htdocs\\praktikumphp\\pert1\\DataBase\\index.php:96\nStack trace:\n#0 {main}\n  thrown in D:\\web\\htdocs\\praktikumphp\\pert1\\DataBase\\index.php on line 96
[Thu May 04 23:31:01.008218 2023] [php:error] [pid 2876:tid 1828] [client ::1:61621] PHP Fatal error:  Uncaught TypeError: Cannot access offset of type string on string in D:\\web\\htdocs\\praktikumphp\\pert1\\DataBase\\index.php:93\nStack trace:\n#0 {main}\n  thrown in D:\\web\\htdocs\\praktikumphp\\pert1\\DataBase\\index.php on line 93
[Thu May 04 23:32:39.683947 2023] [php:error] [pid 2876:tid 1840] [client ::1:61627] PHP Parse error:  syntax error, unexpected token "endforeach" in D:\\web\\htdocs\\praktikumphp\\pert1\\DataBase\\index.php on line 107
[Thu May 04 23:34:04.074999 2023] [php:error] [pid 2876:tid 1840] [client ::1:61645] PHP Parse error:  syntax error, unexpected token "endwhile" in D:\\web\\htdocs\\praktikumphp\\pert1\\DataBase\\index.php on line 106
[Thu May 04 23:34:14.759104 2023] [php:warn] [pid 2876:tid 1840] [client ::1:61647] PHP Warning:  Undefined variable $Mahasiswa in D:\\web\\htdocs\\praktikumphp\\pert1\\DataBase\\index.php on line 81
[Thu May 04 23:34:14.759104 2023] [php:warn] [pid 2876:tid 1840] [client ::1:61647] PHP Warning:  foreach() argument must be of type array|object, null given in D:\\web\\htdocs\\praktikumphp\\pert1\\DataBase\\index.php on line 81
[Thu May 04 23:34:24.591970 2023] [php:warn] [pid 2876:tid 1828] [client ::1:61648] PHP Warning:  Undefined variable $row in D:\\web\\htdocs\\praktikumphp\\pert1\\DataBase\\index.php on line 92
[Thu May 04 23:34:24.592524 2023] [php:warn] [pid 2876:tid 1828] [client ::1:61648] PHP Warning:  Trying to access array offset on value of type null in D:\\web\\htdocs\\praktikumphp\\pert1\\DataBase\\index.php on line 92
[Thu May 04 23:34:24.592524 2023] [php:warn] [pid 2876:tid 1828] [client ::1:61648] PHP Warning:  Undefined variable $row in D:\\web\\htdocs\\praktikumphp\\pert1\\DataBase\\index.php on line 94
[Thu May 04 23:34:24.592524 2023] [php:warn] [pid 2876:tid 1828] [client ::1:61648] PHP Warning:  Trying to access array offset on value of type null in D:\\web\\htdocs\\praktikumphp\\pert1\\DataBase\\index.php on line 94
[Thu May 04 23:34:24.593026 2023] [php:warn] [pid 2876:tid 1828] [client ::1:61648] PHP Warning:  Undefined variable $row in D:\\web\\htdocs\\praktikumphp\\pert1\\DataBase\\index.php on line 96
[Thu May 04 23:34:24.593026 2023] [php:warn] [pid 2876:tid 1828] [client ::1:61648] PHP Warning:  Trying to access array offset on value of type null in D:\\web\\htdocs\\praktikumphp\\pert1\\DataBase\\index.php on line 96
[Thu May 04 23:34:24.593026 2023] [php:warn] [pid 2876:tid 1828] [client ::1:61648] PHP Warning:  Undefined variable $row in D:\\web\\htdocs\\praktikumphp\\pert1\\DataBase\\index.php on line 98
[Thu May 04 23:34:24.593026 2023] [php:warn] [pid 2876:tid 1828] [client ::1:61648] PHP Warning:  Trying to access array offset on value of type null in D:\\web\\htdocs\\praktikumphp\\pert1\\DataBase\\index.php on line 98
[Thu May 04 23:34:24.593026 2023] [php:warn] [pid 2876:tid 1828] [client ::1:61648] PHP Warning:  Undefined variable $row in D:\\web\\htdocs\\praktikumphp\\pert1\\DataBase\\index.php on line 100
[Thu May 04 23:34:24.593026 2023] [php:warn] [pid 2876:tid 1828] [client ::1:61648] PHP Warning:  Trying to access array offset on value of type null in D:\\web\\htdocs\\praktikumphp\\pert1\\DataBase\\index.php on line 100
[Thu May 04 23:34:24.593026 2023] [php:warn] [pid 2876:tid 1828] [client ::1:61648] PHP Warning:  Undefined variable $row in D:\\web\\htdocs\\praktikumphp\\pert1\\DataBase\\index.php on line 92
[Thu May 04 23:34:24.593026 2023] [php:warn] [pid 2876:tid 1828] [client ::1:61648] PHP Warning:  Trying to access array offset on value of type null in D:\\web\\htdocs\\praktikumphp\\pert1\\DataBase\\index.php on line 92
[Thu May 04 23:34:24.593026 2023] [php:warn] [pid 2876:tid 1828] [client ::1:61648] PHP Warning:  Undefined variable $row in D:\\web\\htdocs\\praktikumphp\\pert1\\DataBase\\index.php on line 94
[Thu May 04 23:34:24.593026 2023] [php:warn] [pid 2876:tid 1828] [client ::1:61648] PHP Warning:  Trying to access array offset on value of type null in D:\\web\\htdocs\\praktikumphp\\pert1\\DataBase\\index.php on line 94
[Thu May 04 23:34:24.594043 2023] [php:warn] [pid 2876:tid 1828] [client ::1:61648] PHP Warning:  Undefined variable $row in D:\\web\\htdocs\\praktikumphp\\pert1\\DataBase\\index.php on line 96
[Thu May 04 23:34:24.594043 2023] [php:warn] [pid 2876:tid 1828] [client ::1:61648] PHP Warning:  Trying to access array offset on value of type null in D:\\web\\htdocs\\praktikumphp\\pert1\\DataBase\\index.php on line 96
[Thu May 04 23:34:24.594043 2023] [php:warn] [pid 2876:tid 1828] [client ::1:61648] PHP Warning:  Undefined variable $row in D:\\web\\htdocs\\praktikumphp\\pert1\\DataBase\\index.php on line 98
[Thu May 04 23:34:24.594043 2023] [php:warn] [pid 2876:tid 1828] [client ::1:61648] PHP Warning:  Trying to access array offset on value of type null in D:\\web\\htdocs\\praktikumphp\\pert1\\DataBase\\index.php on line 98
[Thu May 04 23:34:24.594043 2023] [php:warn] [pid 2876:tid 1828] [client ::1:61648] PHP Warning:  Undefined variable $row in D:\\web\\htdocs\\praktikumphp\\pert1\\DataBase\\index.php on line 100
[Thu May 04 23:34:24.594043 2023] [php:warn] [pid 2876:tid 1828] [client ::1:61648] PHP Warning:  Trying to access array offset on value of type null in D:\\web\\htdocs\\praktikumphp\\pert1\\DataBase\\index.php on line 100
[Thu May 04 23:34:24.594043 2023] [php:warn] [pid 2876:tid 1828] [client ::1:61648] PHP Warning:  Undefined variable $row in D:\\web\\htdocs\\praktikumphp\\pert1\\DataBase\\index.php on line 92
[Thu May 04 23:34:24.594043 2023] [php:warn] [pid 2876:tid 1828] [client ::1:61648] PHP Warning:  Trying to access array offset on value of type null in D:\\web\\htdocs\\praktikumphp\\pert1\\DataBase\\index.php on line 92
[Thu May 04 23:34:24.594043 2023] [php:warn] [pid 2876:tid 1828] [client ::1:61648] PHP Warning:  Undefined variable $row in D:\\web\\htdocs\\praktikumphp\\pert1\\DataBase\\index.php on line 94
[Thu May 04 23:34:24.594043 2023] [php:warn] [pid 2876:tid 1828] [client ::1:61648] PHP Warning:  Trying to access array offset on value of type null in D:\\web\\htdocs\\praktikumphp\\pert1\\DataBase\\index.php on line 94
[Thu May 04 23:34:24.595064 2023] [php:warn] [pid 2876:tid 1828] [client ::1:61648] PHP Warning:  Undefined variable $row in D:\\web\\htdocs\\praktikumphp\\pert1\\DataBase\\index.php on line 96
[Thu May 04 23:34:24.595064 2023] [php:warn] [pid 2876:tid 1828] [client ::1:61648] PHP Warning:  Trying to access array offset on value of type null in D:\\web\\htdocs\\praktikumphp\\pert1\\DataBase\\index.php on line 96
[Thu May 04 23:34:24.595064 2023] [php:warn] [pid 2876:tid 1828] [client ::1:61648] PHP Warning:  Undefined variable $row in D:\\web\\htdocs\\praktikumphp\\pert1\\DataBase\\index.php on line 98
[Thu May 04 23:34:24.595064 2023] [php:warn] [pid 2876:tid 1828] [client ::1:61648] PHP Warning:  Trying to access array offset on value of type null in D:\\web\\htdocs\\praktikumphp\\pert1\\DataBase\\index.php on line 98
[Thu May 04 23:34:24.595064 2023] [php:warn] [pid 2876:tid 1828] [client ::1:61648] PHP Warning:  Undefined variable $row in D:\\web\\htdocs\\praktikumphp\\pert1\\DataBase\\index.php on line 100
[Thu May 04 23:34:24.595064 2023] [php:warn] [pid 2876:tid 1828] [client ::1:61648] PHP Warning:  Trying to access array offset on value of type null in D:\\web\\htdocs\\praktikumphp\\pert1\\DataBase\\index.php on line 100
[Thu May 04 23:34:24.595064 2023] [php:warn] [pid 2876:tid 1828] [client ::1:61648] PHP Warning:  Undefined variable $row in D:\\web\\htdocs\\praktikumphp\\pert1\\DataBase\\index.php on line 92
[Thu May 04 23:34:24.595064 2023] [php:warn] [pid 2876:tid 1828] [client ::1:61648] PHP Warning:  Trying to access array offset on value of type null in D:\\web\\htdocs\\praktikumphp\\pert1\\DataBase\\index.php on line 92
[Thu May 04 23:34:24.595064 2023] [php:warn] [pid 2876:tid 1828] [client ::1:61648] PHP Warning:  Undefined variable $row in D:\\web\\htdocs\\praktikumphp\\pert1\\DataBase\\index.php on line 94
[Thu May 04 23:34:24.595064 2023] [php:warn] [pid 2876:tid 1828] [client ::1:61648] PHP Warning:  Trying to access array offset on value of type null in D:\\web\\htdocs\\praktikumphp\\pert1\\DataBase\\index.php on line 94
[Thu May 04 23:34:24.596042 2023] [php:warn] [pid 2876:tid 1828] [client ::1:61648] PHP Warning:  Undefined variable $row in D:\\web\\htdocs\\praktikumphp\\pert1\\DataBase\\index.php on line 96
[Thu May 04 23:34:24.596042 2023] [php:warn] [pid 2876:tid 1828] [client ::1:61648] PHP Warning:  Trying to access array offset on value of type null in D:\\web\\htdocs\\praktikumphp\\pert1\\DataBase\\index.php on line 96
[Thu May 04 23:34:24.596042 2023] [php:warn] [pid 2876:tid 1828] [client ::1:61648] PHP Warning:  Undefined variable $row in D:\\web\\htdocs\\praktikumphp\\pert1\\DataBase\\index.php on line 98
[Thu May 04 23:34:24.596042 2023] [php:warn] [pid 2876:tid 1828] [client ::1:61648] PHP Warning:  Trying to access array offset on value of type null in D:\\web\\htdocs\\praktikumphp\\pert1\\DataBase\\index.php on line 98
[Thu May 04 23:34:24.596042 2023] [php:warn] [pid 2876:tid 1828] [client ::1:61648] PHP Warning:  Undefined variable $row in D:\\web\\htdocs\\praktikumphp\\pert1\\DataBase\\index.php on line 100
[Thu May 04 23:34:24.596042 2023] [php:warn] [pid 2876:tid 1828] [client ::1:61648] PHP Warning:  Trying to access array offset on value of type null in D:\\web\\htdocs\\praktikumphp\\pert1\\DataBase\\index.php on line 100
[Thu May 04 23:34:24.596042 2023] [php:warn] [pid 2876:tid 1828] [client ::1:61648] PHP Warning:  Undefined variable $row in D:\\web\\htdocs\\praktikumphp\\pert1\\DataBase\\index.php on line 92
[Thu May 04 23:34:24.596042 2023] [php:warn] [pid 2876:tid 1828] [client ::1:61648] PHP Warning:  Trying to access array offset on value of type null in D:\\web\\htdocs\\praktikumphp\\pert1\\DataBase\\index.php on line 92
[Thu May 04 23:34:24.596042 2023] [php:warn] [pid 2876:tid 1828] [client ::1:61648] PHP Warning:  Undefined variable $row in D:\\web\\htdocs\\praktikumphp\\pert1\\DataBase\\index.php on line 94
[Thu May 04 23:34:24.596042 2023] [php:warn] [pid 2876:tid 1828] [client ::1:61648] PHP Warning:  Trying to access array offset on value of type null in D:\\web\\htdocs\\praktikumphp\\pert1\\DataBase\\index.php on line 94
[Thu May 04 23:34:24.596042 2023] [php:warn] [pid 2876:tid 1828] [client ::1:61648] PHP Warning:  Undefined variable $row in D:\\web\\htdocs\\praktikumphp\\pert1\\DataBase\\index.php on line 96
[Thu May 04 23:34:24.597043 2023] [php:warn] [pid 2876:tid 1828] [client ::1:61648] PHP Warning:  Trying to access array offset on value of type null in D:\\web\\htdocs\\praktikumphp\\pert1\\DataBase\\index.php on line 96
[Thu May 04 23:34:24.597043 2023] [php:warn] [pid 2876:tid 1828] [client ::1:61648] PHP Warning:  Undefined variable $row in D:\\web\\htdocs\\praktikumphp\\pert1\\DataBase\\index.php on line 98
[Thu May 04 23:34:24.597043 2023] [php:warn] [pid 2876:tid 1828] [client ::1:61648] PHP Warning:  Trying to access array offset on value of type null in D:\\web\\htdocs\\praktikumphp\\pert1\\DataBase\\index.php on line 98
[Thu May 04 23:34:24.597043 2023] [php:warn] [pid 2876:tid 1828] [client ::1:61648] PHP Warning:  Undefined variable $row in D:\\web\\htdocs\\praktikumphp\\pert1\\DataBase\\index.php on line 100
[Thu May 04 23:34:24.597043 2023] [php:warn] [pid 2876:tid 1828] [client ::1:61648] PHP Warning:  Trying to access array offset on value of type null in D:\\web\\htdocs\\praktikumphp\\pert1\\DataBase\\index.php on line 100
[Thu May 04 23:34:24.597043 2023] [php:warn] [pid 2876:tid 1828] [client ::1:61648] PHP Warning:  Undefined variable $row in D:\\web\\htdocs\\praktikumphp\\pert1\\DataBase\\index.php on line 92
[Thu May 04 23:34:24.597043 2023] [php:warn] [pid 2876:tid 1828] [client ::1:61648] PHP Warning:  Trying to access array offset on value of type null in D:\\web\\htdocs\\praktikumphp\\pert1\\DataBase\\index.php on line 92
[Thu May 04 23:34:24.597043 2023] [php:warn] [pid 2876:tid 1828] [client ::1:61648] PHP Warning:  Undefined variable $row in D:\\web\\htdocs\\praktikumphp\\pert1\\DataBase\\index.php on line 94
[Thu May 04 23:34:24.597043 2023] [php:warn] [pid 2876:tid 1828] [client ::1:61648] PHP Warning:  Trying to access array offset on value of type null in D:\\web\\htdocs\\praktikumphp\\pert1\\DataBase\\index.php on line 94
[Thu May 04 23:34:24.597043 2023] [php:warn] [pid 2876:tid 1828] [client ::1:61648] PHP Warning:  Undefined variable $row in D:\\web\\htdocs\\praktikumphp\\pert1\\DataBase\\index.php on line 96
[Thu May 04 23:34:24.597043 2023] [php:warn] [pid 2876:tid 1828] [client ::1:61648] PHP Warning:  Trying to access array offset on value of type null in D:\\web\\htdocs\\praktikumphp\\pert1\\DataBase\\index.php on line 96
[Thu May 04 23:34:24.597043 2023] [php:warn] [pid 2876:tid 1828] [client ::1:61648] PHP Warning:  Undefined variable $row in D:\\web\\htdocs\\praktikumphp\\pert1\\DataBase\\index.php on line 98
[Thu May 04 23:34:24.598043 2023] [php:warn] [pid 2876:tid 1828] [client ::1:61648] PHP Warning:  Trying to access array offset on value of type null in D:\\web\\htdocs\\praktikumphp\\pert1\\DataBase\\index.php on line 98
[Thu May 04 23:34:24.598043 2023] [php:warn] [pid 2876:tid 1828] [client ::1:61648] PHP Warning:  Undefined variable $row in D:\\web\\htdocs\\praktikumphp\\pert1\\DataBase\\index.php on line 100
[Thu May 04 23:34:24.598043 2023] [php:warn] [pid 2876:tid 1828] [client ::1:61648] PHP Warning:  Trying to access array offset on value of type null in D:\\web\\htdocs\\praktikumphp\\pert1\\DataBase\\index.php on line 100
[Thu May 04 23:34:49.301796 2023] [php:error] [pid 2876:tid 1840] [client ::1:61653] PHP Fatal error:  Uncaught TypeError: Cannot access offset of type string on string in D:\\web\\htdocs\\praktikumphp\\pert1\\DataBase\\index.php:92\nStack trace:\n#0 {main}\n  thrown in D:\\web\\htdocs\\praktikumphp\\pert1\\DataBase\\index.php on line 92
[Fri May 05 22:12:41.257774 2023] [ssl:warn] [pid 8564:tid 408] AH01909: www.example.com:443:0 server certificate does NOT include an ID which matches the server name
[Fri May 05 22:12:41.306235 2023] [core:warn] [pid 8564:tid 408] AH00098: pid file D:/web/apache/logs/httpd.pid overwritten -- Unclean shutdown of previous Apache run?
[Fri May 05 22:12:41.308646 2023] [ssl:warn] [pid 8564:tid 408] AH01909: www.example.com:443:0 server certificate does NOT include an ID which matches the server name
[Fri May 05 22:12:41.805921 2023] [mpm_winnt:notice] [pid 8564:tid 408] AH00455: Apache/2.4.56 (Win64) OpenSSL/1.1.1t PHP/8.2.4 configured -- resuming normal operations
[Fri May 05 22:12:41.805921 2023] [mpm_winnt:notice] [pid 8564:tid 408] AH00456: Apache Lounge VS16 Server built: Mar  7 2023 13:21:03
[Fri May 05 22:12:41.805921 2023] [core:notice] [pid 8564:tid 408] AH00094: Command line: 'd:\\web\\apache\\bin\\httpd.exe -d D:/web/apache'
[Fri May 05 22:12:41.811208 2023] [mpm_winnt:notice] [pid 8564:tid 408] AH00418: Parent: Created child process 11372
[Fri May 05 22:12:42.272630 2023] [ssl:warn] [pid 11372:tid 424] AH01909: www.example.com:443:0 server certificate does NOT include an ID which matches the server name
[Fri May 05 22:12:42.314959 2023] [ssl:warn] [pid 11372:tid 424] AH01909: www.example.com:443:0 server certificate does NOT include an ID which matches the server name
[Fri May 05 22:12:42.358908 2023] [mpm_winnt:notice] [pid 11372:tid 424] AH00354: Child: Starting 150 worker threads.
[Fri May 05 22:13:40.977110 2023] [php:error] [pid 11372:tid 1892] [client ::1:50765] PHP Fatal error:  Uncaught mysqli_sql_exception: Unknown database 'mahasiswa' in D:\\web\\htdocs\\praktikumphp\\pert1\\index.php:8\nStack trace:\n#0 D:\\web\\htdocs\\praktikumphp\\pert1\\index.php(8): mysqli_connect('localhost', 'root', Object(SensitiveParameterValue), 'mahasiswa')\n#1 {main}\n  thrown in D:\\web\\htdocs\\praktikumphp\\pert1\\index.php on line 8
[Fri May 05 22:37:02.941990 2023] [php:error] [pid 11372:tid 1864] [client ::1:51014] PHP Fatal error:  Uncaught mysqli_sql_exception: You have an error in your SQL syntax; check the manual that corresponds to your MariaDB server version for the right syntax to use near '@gmail.com,kaela2.jpeg,inform)' at line 2 in D:\\web\\htdocs\\praktikumphp\\pert1\\DataBase2\\add.php:12\nStack trace:\n#0 D:\\web\\htdocs\\praktikumphp\\pert1\\DataBase2\\add.php(12): mysqli_query(Object(mysqli), 'INSERT INTO mah...')\n#1 {main}\n  thrown in D:\\web\\htdocs\\praktikumphp\\pert1\\DataBase2\\add.php on line 12, referer: http://localhost/praktikumphp/pert1/DataBase2/add.php
[Sat May 06 11:08:44.566365 2023] [ssl:warn] [pid 8112:tid 436] AH01909: www.example.com:443:0 server certificate does NOT include an ID which matches the server name
[Sat May 06 11:08:44.596681 2023] [core:warn] [pid 8112:tid 436] AH00098: pid file D:/web/apache/logs/httpd.pid overwritten -- Unclean shutdown of previous Apache run?
[Sat May 06 11:08:44.597786 2023] [ssl:warn] [pid 8112:tid 436] AH01909: www.example.com:443:0 server certificate does NOT include an ID which matches the server name
[Sat May 06 11:08:44.929367 2023] [mpm_winnt:notice] [pid 8112:tid 436] AH00455: Apache/2.4.56 (Win64) OpenSSL/1.1.1t PHP/8.2.4 configured -- resuming normal operations
[Sat May 06 11:08:44.929367 2023] [mpm_winnt:notice] [pid 8112:tid 436] AH00456: Apache Lounge VS16 Server built: Mar  7 2023 13:21:03
[Sat May 06 11:08:44.929367 2023] [core:notice] [pid 8112:tid 436] AH00094: Command line: 'd:\\web\\apache\\bin\\httpd.exe -d D:/web/apache'
[Sat May 06 11:08:44.935076 2023] [mpm_winnt:notice] [pid 8112:tid 436] AH00418: Parent: Created child process 11568
[Sat May 06 11:08:45.301428 2023] [ssl:warn] [pid 11568:tid 432] AH01909: www.example.com:443:0 server certificate does NOT include an ID which matches the server name
[Sat May 06 11:08:45.334999 2023] [ssl:warn] [pid 11568:tid 432] AH01909: www.example.com:443:0 server certificate does NOT include an ID which matches the server name
[Sat May 06 11:08:45.378264 2023] [mpm_winnt:notice] [pid 11568:tid 432] AH00354: Child: Starting 150 worker threads.
[Sat May 06 11:10:10.621034 2023] [php:error] [pid 11568:tid 1864] [client ::1:50082] PHP Fatal error:  Uncaught mysqli_sql_exception: Unknown database 'mahasiswa' in D:\\web\\htdocs\\praktikumphp\\pert1\\index.php:8\nStack trace:\n#0 D:\\web\\htdocs\\praktikumphp\\pert1\\index.php(8): mysqli_connect('localhost', 'root', Object(SensitiveParameterValue), 'mahasiswa')\n#1 {main}\n  thrown in D:\\web\\htdocs\\praktikumphp\\pert1\\index.php on line 8, referer: http://localhost/praktikumphp/
[Sat May 06 11:10:15.603361 2023] [php:error] [pid 11568:tid 1864] [client ::1:50082] PHP Fatal error:  Uncaught mysqli_sql_exception: Unknown database 'mahasiswa' in D:\\web\\htdocs\\praktikumphp\\pert1\\index.php:8\nStack trace:\n#0 D:\\web\\htdocs\\praktikumphp\\pert1\\index.php(8): mysqli_connect('localhost', 'root', Object(SensitiveParameterValue), 'mahasiswa')\n#1 {main}\n  thrown in D:\\web\\htdocs\\praktikumphp\\pert1\\index.php on line 8, referer: http://localhost/praktikumphp/
[Sat May 06 12:43:24.234363 2023] [php:error] [pid 11568:tid 1860] [client ::1:50903] PHP Fatal error:  Uncaught Error: Call to undefined function edit() in D:\\web\\htdocs\\praktikumphp\\pert1\\TodoList\\index.php:5\nStack trace:\n#0 {main}\n  thrown in D:\\web\\htdocs\\praktikumphp\\pert1\\TodoList\\index.php on line 5, referer: http://localhost/praktikumphp/pert1/TodoList/index.php
[Sat May 06 12:43:35.627609 2023] [php:error] [pid 11568:tid 1852] [client ::1:50904] PHP Fatal error:  Uncaught Error: Call to undefined function edit() in D:\\web\\htdocs\\praktikumphp\\pert1\\TodoList\\index.php:5\nStack trace:\n#0 {main}\n  thrown in D:\\web\\htdocs\\praktikumphp\\pert1\\TodoList\\index.php on line 5, referer: http://localhost/praktikumphp/pert1/TodoList/index.php
[Sat May 06 13:38:03.176327 2023] [php:error] [pid 11568:tid 1860] [client ::1:52724] PHP Fatal error:  Uncaught TypeError: Cannot access offset of type string on string in D:\\web\\htdocs\\praktikumphp\\pert1\\TodoList\\controller.php:56\nStack trace:\n#0 D:\\web\\htdocs\\praktikumphp\\pert1\\TodoList\\change.php(4): change('0')\n#1 {main}\n  thrown in D:\\web\\htdocs\\praktikumphp\\pert1\\TodoList\\controller.php on line 56, referer: http://localhost/praktikumphp/pert1/TodoList/index.php
[Sat May 06 13:39:47.027801 2023] [php:warn] [pid 11568:tid 1860] [client ::1:52787] PHP Warning:  Undefined array key "status" in D:\\web\\htdocs\\praktikumphp\\pert1\\TodoList\\change.php on line 3, referer: http://localhost/praktikumphp/pert1/TodoList/index.php
[Sat May 06 13:39:47.028653 2023] [php:warn] [pid 11568:tid 1860] [client ::1:52787] PHP Warning:  Undefined array key "status" in D:\\web\\htdocs\\praktikumphp\\pert1\\TodoList\\controller.php on line 59, referer: http://localhost/praktikumphp/pert1/TodoList/index.php
[Sat May 06 13:41:05.462425 2023] [php:warn] [pid 11568:tid 1852] [client ::1:52814] PHP Warning:  Undefined array key "status" in D:\\web\\htdocs\\praktikumphp\\pert1\\TodoList\\change.php on line 3, referer: http://localhost/praktikumphp/pert1/TodoList/index.php
[Sat May 06 13:41:05.463435 2023] [php:warn] [pid 11568:tid 1852] [client ::1:52814] PHP Warning:  Undefined array key "status" in D:\\web\\htdocs\\praktikumphp\\pert1\\TodoList\\controller.php on line 59, referer: http://localhost/praktikumphp/pert1/TodoList/index.php
[Sat May 06 13:41:52.877394 2023] [php:warn] [pid 11568:tid 1860] [client ::1:52815] PHP Warning:  Undefined array key "status" in D:\\web\\htdocs\\praktikumphp\\pert1\\TodoList\\change.php on line 3, referer: http://localhost/praktikumphp/pert1/TodoList/index.php
[Sat May 06 13:41:52.878298 2023] [php:warn] [pid 11568:tid 1860] [client ::1:52815] PHP Warning:  Undefined array key "status" in D:\\web\\htdocs\\praktikumphp\\pert1\\TodoList\\controller.php on line 58, referer: http://localhost/praktikumphp/pert1/TodoList/index.php
[Sat May 06 13:41:58.765716 2023] [php:warn] [pid 11568:tid 1860] [client ::1:52815] PHP Warning:  Undefined array key "status" in D:\\web\\htdocs\\praktikumphp\\pert1\\TodoList\\change.php on line 3, referer: http://localhost/praktikumphp/pert1/TodoList/index.php
[Sat May 06 13:41:58.765716 2023] [php:warn] [pid 11568:tid 1860] [client ::1:52815] PHP Warning:  Undefined array key "status" in D:\\web\\htdocs\\praktikumphp\\pert1\\TodoList\\controller.php on line 58, referer: http://localhost/praktikumphp/pert1/TodoList/index.php
[Sat May 06 13:42:37.250950 2023] [php:warn] [pid 11568:tid 1852] [client ::1:52842] PHP Warning:  Undefined array key "status" in D:\\web\\htdocs\\praktikumphp\\pert1\\TodoList\\change.php on line 3, referer: http://localhost/praktikumphp/pert1/TodoList/index.php
[Sat May 06 13:42:37.250950 2023] [php:warn] [pid 11568:tid 1852] [client ::1:52842] PHP Warning:  Undefined array key "status" in D:\\web\\htdocs\\praktikumphp\\pert1\\TodoList\\controller.php on line 58, referer: http://localhost/praktikumphp/pert1/TodoList/index.php
[Sat May 06 13:42:44.648532 2023] [php:warn] [pid 11568:tid 1860] [client ::1:52879] PHP Warning:  Undefined array key "status" in D:\\web\\htdocs\\praktikumphp\\pert1\\TodoList\\change.php on line 3, referer: http://localhost/praktikumphp/pert1/TodoList/index.php
[Sat May 06 13:42:44.649032 2023] [php:warn] [pid 11568:tid 1860] [client ::1:52879] PHP Warning:  Undefined array key "status" in D:\\web\\htdocs\\praktikumphp\\pert1\\TodoList\\controller.php on line 58, referer: http://localhost/praktikumphp/pert1/TodoList/index.php
[Sat May 06 13:45:20.138176 2023] [php:warn] [pid 11568:tid 1852] [client ::1:52935] PHP Warning:  Undefined array key "status" in D:\\web\\htdocs\\praktikumphp\\pert1\\TodoList\\controller.php on line 58, referer: http://localhost/praktikumphp/pert1/TodoList/index.php
[Sat May 06 13:45:40.841135 2023] [php:warn] [pid 11568:tid 1860] [client ::1:52936] PHP Warning:  Undefined array key "status" in D:\\web\\htdocs\\praktikumphp\\pert1\\TodoList\\controller.php on line 61, referer: http://localhost/praktikumphp/pert1/TodoList/index.php
[Sat May 06 13:45:48.186549 2023] [php:warn] [pid 11568:tid 1852] [client ::1:52950] PHP Warning:  Undefined array key "status" in D:\\web\\htdocs\\praktikumphp\\pert1\\TodoList\\controller.php on line 61, referer: http://localhost/praktikumphp/pert1/TodoList/index.php
[Sat May 06 14:00:44.997875 2023] [php:warn] [pid 11568:tid 1852] [client ::1:53290] PHP Warning:  Undefined array key "id" in D:\\web\\htdocs\\praktikumphp\\pert1\\TodoList\\delete.php on line 4, referer: http://localhost/praktikumphp/pert1/TodoList/index.php
[Sun May 07 17:05:06.253892 2023] [ssl:warn] [pid 4120:tid 448] AH01909: www.example.com:443:0 server certificate does NOT include an ID which matches the server name
[Sun May 07 17:05:06.303569 2023] [core:warn] [pid 4120:tid 448] AH00098: pid file D:/web/apache/logs/httpd.pid overwritten -- Unclean shutdown of previous Apache run?
[Sun May 07 17:05:06.306165 2023] [ssl:warn] [pid 4120:tid 448] AH01909: www.example.com:443:0 server certificate does NOT include an ID which matches the server name
[Sun May 07 17:05:06.907482 2023] [mpm_winnt:notice] [pid 4120:tid 448] AH00455: Apache/2.4.56 (Win64) OpenSSL/1.1.1t PHP/8.2.4 configured -- resuming normal operations
[Sun May 07 17:05:06.907482 2023] [mpm_winnt:notice] [pid 4120:tid 448] AH00456: Apache Lounge VS16 Server built: Mar  7 2023 13:21:03
[Sun May 07 17:05:06.907482 2023] [core:notice] [pid 4120:tid 448] AH00094: Command line: 'd:\\web\\apache\\bin\\httpd.exe -d D:/web/apache'
[Sun May 07 17:05:06.916210 2023] [mpm_winnt:notice] [pid 4120:tid 448] AH00418: Parent: Created child process 8144
[Sun May 07 17:05:07.507309 2023] [ssl:warn] [pid 8144:tid 408] AH01909: www.example.com:443:0 server certificate does NOT include an ID which matches the server name
[Sun May 07 17:05:07.554250 2023] [ssl:warn] [pid 8144:tid 408] AH01909: www.example.com:443:0 server certificate does NOT include an ID which matches the server name
[Sun May 07 17:05:07.603947 2023] [mpm_winnt:notice] [pid 8144:tid 408] AH00354: Child: Starting 150 worker threads.
[Mon May 08 14:03:20.495481 2023] [ssl:warn] [pid 12636:tid 416] AH01909: www.example.com:443:0 server certificate does NOT include an ID which matches the server name
[Mon May 08 14:03:20.523867 2023] [core:warn] [pid 12636:tid 416] AH00098: pid file D:/web/apache/logs/httpd.pid overwritten -- Unclean shutdown of previous Apache run?
[Mon May 08 14:03:20.528677 2023] [ssl:warn] [pid 12636:tid 416] AH01909: www.example.com:443:0 server certificate does NOT include an ID which matches the server name
[Mon May 08 14:03:20.769080 2023] [mpm_winnt:notice] [pid 12636:tid 416] AH00455: Apache/2.4.56 (Win64) OpenSSL/1.1.1t PHP/8.2.4 configured -- resuming normal operations
[Mon May 08 14:03:20.769080 2023] [mpm_winnt:notice] [pid 12636:tid 416] AH00456: Apache Lounge VS16 Server built: Mar  7 2023 13:21:03
[Mon May 08 14:03:20.769080 2023] [core:notice] [pid 12636:tid 416] AH00094: Command line: 'd:\\web\\apache\\bin\\httpd.exe -d D:/web/apache'
[Mon May 08 14:03:20.783644 2023] [mpm_winnt:notice] [pid 12636:tid 416] AH00418: Parent: Created child process 12888
[Mon May 08 14:03:21.026790 2023] [ssl:warn] [pid 12888:tid 424] AH01909: www.example.com:443:0 server certificate does NOT include an ID which matches the server name
[Mon May 08 14:03:21.058125 2023] [ssl:warn] [pid 12888:tid 424] AH01909: www.example.com:443:0 server certificate does NOT include an ID which matches the server name
[Mon May 08 14:03:21.092012 2023] [mpm_winnt:notice] [pid 12888:tid 424] AH00354: Child: Starting 150 worker threads.
[Mon May 08 14:21:58.451063 2023] [php:warn] [pid 12888:tid 1836] [client ::1:50253] PHP Warning:  Undefined array key 0 in D:\\web\\htdocs\\praktikumphp\\pert1\\TodoList\\controller.php on line 59
[Mon May 08 14:21:58.451063 2023] [php:warn] [pid 12888:tid 1836] [client ::1:50253] PHP Warning:  Trying to access array offset on value of type null in D:\\web\\htdocs\\praktikumphp\\pert1\\TodoList\\controller.php on line 60
[Mon May 08 14:22:56.759814 2023] [php:error] [pid 12888:tid 1856] [client ::1:50271] PHP Fatal error:  Uncaught mysqli_sql_exception: Column count doesn't match value count at row 1 in D:\\web\\htdocs\\praktikumphp\\pert1\\TodoList\\controller.php:24\nStack trace:\n#0 D:\\web\\htdocs\\praktikumphp\\pert1\\TodoList\\controller.php(24): mysqli_query(Object(mysqli), 'INSERT INTO lis...')\n#1 D:\\web\\htdocs\\praktikumphp\\pert1\\TodoList\\index.php(5): add(Array)\n#2 {main}\n  thrown in D:\\web\\htdocs\\praktikumphp\\pert1\\TodoList\\controller.php on line 24, referer: http://localhost/praktikumphp/pert1/TodoList/index.php
[Mon May 08 14:34:35.429245 2023] [php:warn] [pid 12888:tid 1844] [client ::1:50441] PHP Warning:  Undefined variable $todo in D:\\web\\htdocs\\praktikumphp\\pert1\\TodoList\\edit.php on line 75, referer: http://localhost/praktikumphp/pert1/TodoList/index.php
[Mon May 08 14:34:35.429245 2023] [php:warn] [pid 12888:tid 1844] [client ::1:50441] PHP Warning:  Trying to access array offset on value of type null in D:\\web\\htdocs\\praktikumphp\\pert1\\TodoList\\edit.php on line 75, referer: http://localhost/praktikumphp/pert1/TodoList/index.php
[Mon May 08 14:39:31.500899 2023] [php:warn] [pid 12888:tid 1844] [client ::1:50470] PHP Warning:  Undefined array key "todo" in D:\\web\\htdocs\\praktikumphp\\pert1\\TodoList\\index.php on line 91, referer: http://localhost/praktikumphp/pert1/TodoList/index.php
[Mon May 08 14:39:53.502669 2023] [php:warn] [pid 12888:tid 1856] [client ::1:50469] PHP Warning:  Undefined array key "todo" in D:\\web\\htdocs\\praktikumphp\\pert1\\TodoList\\index.php on line 91, referer: http://localhost/praktikumphp/pert1/TodoList/index.php
[Mon May 08 14:40:17.317138 2023] [php:warn] [pid 12888:tid 1844] [client ::1:50476] PHP Warning:  Undefined array key "todo" in D:\\web\\htdocs\\praktikumphp\\pert1\\TodoList\\index.php on line 91, referer: http://localhost/praktikumphp/pert1/TodoList/index.php
[Mon May 08 14:40:20.421471 2023] [php:warn] [pid 12888:tid 1844] [client ::1:50476] PHP Warning:  Undefined array key "todo" in D:\\web\\htdocs\\praktikumphp\\pert1\\TodoList\\index.php on line 91, referer: http://localhost/praktikumphp/pert1/TodoList/index.php
[Mon May 08 14:43:01.004469 2023] [php:error] [pid 12888:tid 1844] [client ::1:50502] PHP Fatal error:  Uncaught mysqli_sql_exception: Unknown column 'task' in 'field list' in D:\\web\\htdocs\\praktikumphp\\pert1\\TodoList\\controller.php:8\nStack trace:\n#0 D:\\web\\htdocs\\praktikumphp\\pert1\\TodoList\\controller.php(8): mysqli_query(Object(mysqli), 'SELECT task WHE...')\n#1 D:\\web\\htdocs\\praktikumphp\\pert1\\TodoList\\edit.php(9): query('SELECT task WHE...')\n#2 {main}\n  thrown in D:\\web\\htdocs\\praktikumphp\\pert1\\TodoList\\controller.php on line 8, referer: http://localhost/praktikumphp/pert1/TodoList/index.php
[Mon May 08 14:43:25.846291 2023] [php:warn] [pid 12888:tid 1856] [client ::1:50503] PHP Warning:  Undefined array key "id" in D:\\web\\htdocs\\praktikumphp\\pert1\\TodoList\\edit.php on line 61, referer: http://localhost/praktikumphp/pert1/TodoList/index.php
[Mon May 08 14:43:25.846790 2023] [php:warn] [pid 12888:tid 1856] [client ::1:50503] PHP Warning:  Undefined array key "task" in D:\\web\\htdocs\\praktikumphp\\pert1\\TodoList\\edit.php on line 62, referer: http://localhost/praktikumphp/pert1/TodoList/index.php
[Mon May 08 14:44:02.397968 2023] [php:warn] [pid 12888:tid 1844] [client ::1:50511] PHP Warning:  Undefined array key "id" in D:\\web\\htdocs\\praktikumphp\\pert1\\TodoList\\edit.php on line 61, referer: http://localhost/praktikumphp/pert1/TodoList/index.php
[Mon May 08 14:44:18.500368 2023] [php:warn] [pid 12888:tid 1856] [client ::1:50514] PHP Warning:  Undefined array key "id" in D:\\web\\htdocs\\praktikumphp\\pert1\\TodoList\\edit.php on line 61, referer: http://localhost/praktikumphp/pert1/TodoList/index.php
[Mon May 08 14:44:36.335453 2023] [php:warn] [pid 12888:tid 1844] [client ::1:50518] PHP Warning:  Undefined array key "id" in D:\\web\\htdocs\\praktikumphp\\pert1\\TodoList\\edit.php on line 60, referer: http://localhost/praktikumphp/pert1/TodoList/index.php
[Mon May 08 14:44:51.444978 2023] [php:warn] [pid 12888:tid 1856] [client ::1:50526] PHP Warning:  Undefined array key "id" in D:\\web\\htdocs\\praktikumphp\\pert1\\TodoList\\edit.php on line 60, referer: http://localhost/praktikumphp/pert1/TodoList/index.php
[Mon May 08 14:48:51.855297 2023] [php:warn] [pid 12888:tid 1844] [client ::1:50556] PHP Warning:  Undefined array key "status" in D:\\web\\htdocs\\praktikumphp\\pert1\\TodoList\\controller.php on line 40, referer: http://localhost/praktikumphp/pert1/TodoList/edit.php?id=0
[Mon May 08 14:51:01.377314 2023] [php:warn] [pid 12888:tid 1844] [client ::1:50576] PHP Warning:  Undefined variable $todo in D:\\web\\htdocs\\praktikumphp\\pert1\\TodoList\\edit.php on line 62, referer: http://localhost/praktikumphp/pert1/TodoList/index.php
[Mon May 08 14:51:01.377314 2023] [php:warn] [pid 12888:tid 1844] [client ::1:50576] PHP Warning:  Trying to access array offset on value of type null in D:\\web\\htdocs\\praktikumphp\\pert1\\TodoList\\edit.php on line 62, referer: http://localhost/praktikumphp/pert1/TodoList/index.php
[Mon May 08 14:51:01.377314 2023] [php:warn] [pid 12888:tid 1844] [client ::1:50576] PHP Warning:  Undefined variable $todo in D:\\web\\htdocs\\praktikumphp\\pert1\\TodoList\\edit.php on line 63, referer: http://localhost/praktikumphp/pert1/TodoList/index.php
[Mon May 08 14:51:01.377314 2023] [php:warn] [pid 12888:tid 1844] [client ::1:50576] PHP Warning:  Trying to access array offset on value of type null in D:\\web\\htdocs\\praktikumphp\\pert1\\TodoList\\edit.php on line 63, referer: http://localhost/praktikumphp/pert1/TodoList/index.php
[Mon May 08 14:56:01.686268 2023] [php:warn] [pid 12888:tid 1852] [client ::1:50716] PHP Warning:  Undefined variable $todo in D:\\web\\htdocs\\praktikumphp\\pert1\\TodoList\\edit.php on line 62, referer: http://localhost/praktikumphp/pert1/TodoList/index.php
[Mon May 08 14:56:01.686268 2023] [php:warn] [pid 12888:tid 1852] [client ::1:50716] PHP Warning:  Trying to access array offset on value of type null in D:\\web\\htdocs\\praktikumphp\\pert1\\TodoList\\edit.php on line 62, referer: http://localhost/praktikumphp/pert1/TodoList/index.php
[Mon May 08 14:56:01.686268 2023] [php:warn] [pid 12888:tid 1852] [client ::1:50716] PHP Warning:  Undefined variable $todo in D:\\web\\htdocs\\praktikumphp\\pert1\\TodoList\\edit.php on line 63, referer: http://localhost/praktikumphp/pert1/TodoList/index.php
[Mon May 08 14:56:01.686268 2023] [php:warn] [pid 12888:tid 1852] [client ::1:50716] PHP Warning:  Trying to access array offset on value of type null in D:\\web\\htdocs\\praktikumphp\\pert1\\TodoList\\edit.php on line 63, referer: http://localhost/praktikumphp/pert1/TodoList/index.php
[Mon May 08 14:57:18.307926 2023] [php:warn] [pid 12888:tid 1852] [client ::1:50732] PHP Warning:  Undefined array key "id" in D:\\web\\htdocs\\praktikumphp\\pert1\\TodoList\\edit.php on line 62, referer: http://localhost/praktikumphp/pert1/TodoList/index.php
[Mon May 08 14:57:18.307926 2023] [php:warn] [pid 12888:tid 1852] [client ::1:50732] PHP Warning:  Undefined array key "task" in D:\\web\\htdocs\\praktikumphp\\pert1\\TodoList\\edit.php on line 63, referer: http://localhost/praktikumphp/pert1/TodoList/index.php
[Mon May 08 17:19:55.088737 2023] [php:error] [pid 12888:tid 1844] [client ::1:51563] PHP Fatal error:  Uncaught mysqli_sql_exception: Duplicate entry 'afhafkab' for key 'username' in D:\\web\\htdocs\\praktikumphp\\pert1\\Database3\\controller.php:149\nStack trace:\n#0 D:\\web\\htdocs\\praktikumphp\\pert1\\Database3\\controller.php(149): mysqli_query(Object(mysqli), 'INSERT INTO use...')\n#1 D:\\web\\htdocs\\praktikumphp\\pert1\\Database3\\Regis.php(6): registration(Array)\n#2 {main}\n  thrown in D:\\web\\htdocs\\praktikumphp\\pert1\\Database3\\controller.php on line 149, referer: http://localhost/praktikumphp/pert1/dataBase3/Regis.php
[Mon May 08 17:23:50.855730 2023] [php:error] [pid 12888:tid 1836] [client ::1:51605] PHP Fatal error:  Uncaught mysqli_sql_exception: Duplicate entry 'aaaa' for key 'username' in D:\\web\\htdocs\\praktikumphp\\pert1\\Database3\\controller.php:157\nStack trace:\n#0 D:\\web\\htdocs\\praktikumphp\\pert1\\Database3\\controller.php(157): mysqli_query(Object(mysqli), 'INSERT INTO use...')\n#1 D:\\web\\htdocs\\praktikumphp\\pert1\\Database3\\Regis.php(6): registration(Array)\n#2 {main}\n  thrown in D:\\web\\htdocs\\praktikumphp\\pert1\\Database3\\controller.php on line 157, referer: http://localhost/praktikumphp/pert1/dataBase3/Regis.php
[Mon May 08 19:28:08.856418 2023] [php:warn] [pid 12888:tid 716] [client ::1:53840] PHP Warning:  Undefined array key "login" in D:\\web\\htdocs\\praktikumphp\\pert1\\Database3\\index.php on line 3
[Tue May 09 08:05:40.629277 2023] [ssl:warn] [pid 12184:tid 404] AH01909: www.example.com:443:0 server certificate does NOT include an ID which matches the server name
[Tue May 09 08:05:40.656358 2023] [core:warn] [pid 12184:tid 404] AH00098: pid file D:/web/apache/logs/httpd.pid overwritten -- Unclean shutdown of previous Apache run?
[Tue May 09 08:05:40.662095 2023] [ssl:warn] [pid 12184:tid 404] AH01909: www.example.com:443:0 server certificate does NOT include an ID which matches the server name
[Tue May 09 08:05:40.923646 2023] [mpm_winnt:notice] [pid 12184:tid 404] AH00455: Apache/2.4.56 (Win64) OpenSSL/1.1.1t PHP/8.2.4 configured -- resuming normal operations
[Tue May 09 08:05:40.923646 2023] [mpm_winnt:notice] [pid 12184:tid 404] AH00456: Apache Lounge VS16 Server built: Mar  7 2023 13:21:03
[Tue May 09 08:05:40.923646 2023] [core:notice] [pid 12184:tid 404] AH00094: Command line: 'd:\\web\\apache\\bin\\httpd.exe -d D:/web/apache'
[Tue May 09 08:05:40.927587 2023] [mpm_winnt:notice] [pid 12184:tid 404] AH00418: Parent: Created child process 11796
[Tue May 09 08:05:41.185428 2023] [ssl:warn] [pid 11796:tid 412] AH01909: www.example.com:443:0 server certificate does NOT include an ID which matches the server name
[Tue May 09 08:05:41.209897 2023] [ssl:warn] [pid 11796:tid 412] AH01909: www.example.com:443:0 server certificate does NOT include an ID which matches the server name
[Tue May 09 08:05:41.226504 2023] [mpm_winnt:notice] [pid 11796:tid 412] AH00354: Child: Starting 150 worker threads.
[Tue May 09 08:06:14.184749 2023] [php:error] [pid 11796:tid 1852] [client ::1:49887] PHP Fatal error:  Uncaught mysqli_sql_exception: No connection could be made because the target machine actively refused it in D:\\web\\htdocs\\praktikumphp\\pert1\\TodoList\\controller.php:3\nStack trace:\n#0 D:\\web\\htdocs\\praktikumphp\\pert1\\TodoList\\controller.php(3): mysqli_connect('localhost', 'root', Object(SensitiveParameterValue), 'todo')\n#1 D:\\web\\htdocs\\praktikumphp\\pert1\\TodoList\\index.php(2): require('D:\\\\web\\\\htdocs\\\\p...')\n#2 {main}\n  thrown in D:\\web\\htdocs\\praktikumphp\\pert1\\TodoList\\controller.php on line 3
[Tue May 09 08:10:17.620260 2023] [php:error] [pid 11796:tid 1852] [client ::1:50132] script 'D:/web/htdocs/praktikumphp/pert1/TodoList/login.php' not found or unable to stat
[Tue May 09 08:10:37.131967 2023] [php:error] [pid 11796:tid 1844] [client ::1:50131] PHP Fatal error:  Uncaught mysqli_sql_exception: Unknown database 'mahasiswa' in D:\\web\\htdocs\\praktikumphp\\pert1\\index.php:8\nStack trace:\n#0 D:\\web\\htdocs\\praktikumphp\\pert1\\index.php(8): mysqli_connect('localhost', 'root', Object(SensitiveParameterValue), 'mahasiswa')\n#1 {main}\n  thrown in D:\\web\\htdocs\\praktikumphp\\pert1\\index.php on line 8
[Tue May 09 08:12:13.612742 2023] [php:warn] [pid 11796:tid 1844] [client ::1:50158] PHP Warning:  Undefined array key "userId" in D:\\web\\htdocs\\praktikumphp\\pert1\\TodoList copy\\controller.php on line 22, referer: http://localhost/praktikumphp/pert1/todoList%20copy/
[Tue May 09 08:12:13.615476 2023] [php:error] [pid 11796:tid 1844] [client ::1:50158] PHP Fatal error:  Uncaught mysqli_sql_exception: Cannot add or update a child row: a foreign key constraint fails (`todo`.`newlist`, CONSTRAINT `FK_list_user` FOREIGN KEY (`user_id`) REFERENCES `user` (`user_id`)) in D:\\web\\htdocs\\praktikumphp\\pert1\\TodoList copy\\controller.php:25\nStack trace:\n#0 D:\\web\\htdocs\\praktikumphp\\pert1\\TodoList copy\\controller.php(25): mysqli_query(Object(mysqli), 'INSERT INTO new...')\n#1 D:\\web\\htdocs\\praktikumphp\\pert1\\TodoList copy\\index.php(5): add(Array)\n#2 {main}\n  thrown in D:\\web\\htdocs\\praktikumphp\\pert1\\TodoList copy\\controller.php on line 25, referer: http://localhost/praktikumphp/pert1/todoList%20copy/
[Tue May 09 08:35:13.952608 2023] [php:notice] [pid 11796:tid 1824] [client ::1:50455] PHP Notice:  session_start(): Ignoring session_start() because a session is already active in D:\\web\\htdocs\\praktikumphp\\pert1\\TodoList copy\\login.php on line 4
[Tue May 09 08:35:20.162584 2023] [php:notice] [pid 11796:tid 1852] [client ::1:50454] PHP Notice:  session_start(): Ignoring session_start() because a session is already active in D:\\web\\htdocs\\praktikumphp\\pert1\\TodoList copy\\login.php on line 4
[Tue May 09 08:41:48.503891 2023] [php:warn] [pid 11796:tid 1824] [client ::1:60475] PHP Warning:  Undefined array key "user_id" in D:\\web\\htdocs\\praktikumphp\\pert1\\TodoList copy\\index.php on line 11
[Tue May 09 08:41:48.523430 2023] [php:error] [pid 11796:tid 1824] [client ::1:60475] PHP Fatal error:  Uncaught mysqli_sql_exception: Unknown column 'user_id' in 'where clause' in D:\\web\\htdocs\\praktikumphp\\pert1\\TodoList copy\\controller.php:8\nStack trace:\n#0 D:\\web\\htdocs\\praktikumphp\\pert1\\TodoList copy\\controller.php(8): mysqli_query(Object(mysqli), 'SELECT * FROM l...')\n#1 D:\\web\\htdocs\\praktikumphp\\pert1\\TodoList copy\\index.php(12): query('SELECT * FROM l...')\n#2 {main}\n  thrown in D:\\web\\htdocs\\praktikumphp\\pert1\\TodoList copy\\controller.php on line 8
[Tue May 09 08:42:54.578033 2023] [php:warn] [pid 11796:tid 1852] [client ::1:60483] PHP Warning:  Undefined array key "user_id" in D:\\web\\htdocs\\praktikumphp\\pert1\\TodoList copy\\index.php on line 11
[Tue May 09 08:43:09.074187 2023] [php:warn] [pid 11796:tid 1824] [client ::1:60484] PHP Warning:  Undefined array key "user_id" in D:\\web\\htdocs\\praktikumphp\\pert1\\TodoList copy\\index.php on line 11
[Tue May 09 08:44:19.920290 2023] [php:warn] [pid 11796:tid 1824] [client ::1:60492] PHP Warning:  Undefined array key "user_id" in D:\\web\\htdocs\\praktikumphp\\pert1\\TodoList copy\\index.php on line 11
[Tue May 09 08:48:15.780305 2023] [php:warn] [pid 11796:tid 1824] [client ::1:60532] PHP Warning:  Undefined array key "user_id" in D:\\web\\htdocs\\praktikumphp\\pert1\\TodoList copy\\index.php on line 11
[Tue May 09 08:53:09.806926 2023] [php:error] [pid 11796:tid 1824] [client ::1:60544] script 'D:/web/htdocs/praktikumphp/pert1/getPost/test1.php' not found or unable to stat
[Tue May 09 09:10:02.041978 2023] [php:warn] [pid 11796:tid 1832] [client ::1:60737] PHP Warning:  Undefined array key "user_id" in D:\\web\\htdocs\\praktikumphp\\pert1\\TodoList copy\\index.php on line 11, referer: http://localhost/praktikumphp/pert1/todoList%20copy/login.php
[Tue May 09 09:14:20.264383 2023] [php:warn] [pid 11796:tid 1832] [client ::1:60796] PHP Warning:  Undefined array key "user_id" in D:\\web\\htdocs\\praktikumphp\\pert1\\TodoList copy\\index.php on line 11, referer: http://localhost/praktikumphp/pert1/todoList%20copy/Regis.php
[Tue May 09 09:16:02.327162 2023] [php:warn] [pid 11796:tid 1816] [client ::1:60809] PHP Warning:  Undefined array key "user_id" in D:\\web\\htdocs\\praktikumphp\\pert1\\TodoList copy\\index.php on line 11, referer: http://localhost/praktikumphp/pert1/todoList%20copy/login.php
[Tue May 09 09:19:35.331822 2023] [php:warn] [pid 11796:tid 1816] [client ::1:60840] PHP Warning:  Undefined array key "user_id" in D:\\web\\htdocs\\praktikumphp\\pert1\\TodoList copy\\index.php on line 11
[Tue May 09 09:23:02.564450 2023] [php:warn] [pid 11796:tid 1844] [client ::1:60888] PHP Warning:  Undefined array key "user_id" in D:\\web\\htdocs\\praktikumphp\\pert1\\TodoList copy\\controller.php on line 54, referer: http://localhost/praktikumphp/pert1/todoList%20copy/index.php
[Tue May 09 09:23:02.584962 2023] [php:error] [pid 11796:tid 1844] [client ::1:60888] PHP Fatal error:  Uncaught mysqli_sql_exception: Cannot add or update a child row: a foreign key constraint fails (`todo`.`newlist`, CONSTRAINT `FK_list_user` FOREIGN KEY (`user_id`) REFERENCES `user` (`user_id`)) in D:\\web\\htdocs\\praktikumphp\\pert1\\TodoList copy\\controller.php:57\nStack trace:\n#0 D:\\web\\htdocs\\praktikumphp\\pert1\\TodoList copy\\controller.php(57): mysqli_query(Object(mysqli), 'INSERT INTO new...')\n#1 D:\\web\\htdocs\\praktikumphp\\pert1\\TodoList copy\\index.php(14): add(Array)\n#2 {main}\n  thrown in D:\\web\\htdocs\\praktikumphp\\pert1\\TodoList copy\\controller.php on line 57, referer: http://localhost/praktikumphp/pert1/todoList%20copy/index.php
[Tue May 09 09:23:50.937616 2023] [php:warn] [pid 11796:tid 1824] [client ::1:60891] PHP Warning:  Undefined array key "user_id" in D:\\web\\htdocs\\praktikumphp\\pert1\\TodoList copy\\controller.php on line 54, referer: http://localhost/praktikumphp/pert1/todoList%20copy/index.php
[Tue May 09 09:23:50.956661 2023] [php:error] [pid 11796:tid 1824] [client ::1:60891] PHP Fatal error:  Uncaught mysqli_sql_exception: Cannot add or update a child row: a foreign key constraint fails (`todo`.`newlist`, CONSTRAINT `FK_list_user` FOREIGN KEY (`user_id`) REFERENCES `user` (`user_id`)) in D:\\web\\htdocs\\praktikumphp\\pert1\\TodoList copy\\controller.php:57\nStack trace:\n#0 D:\\web\\htdocs\\praktikumphp\\pert1\\TodoList copy\\controller.php(57): mysqli_query(Object(mysqli), 'INSERT INTO new...')\n#1 D:\\web\\htdocs\\praktikumphp\\pert1\\TodoList copy\\index.php(14): add(Array)\n#2 {main}\n  thrown in D:\\web\\htdocs\\praktikumphp\\pert1\\TodoList copy\\controller.php on line 57, referer: http://localhost/praktikumphp/pert1/todoList%20copy/index.php
[Tue May 09 09:33:33.363136 2023] [php:warn] [pid 11796:tid 1824] [client ::1:60993] PHP Warning:  Undefined array key 0 in D:\\web\\htdocs\\praktikumphp\\pert1\\TodoList copy\\edit.php on line 17, referer: http://localhost/praktikumphp/pert1/todoList%20copy/index.php
[Tue May 09 09:33:33.363136 2023] [php:warn] [pid 11796:tid 1824] [client ::1:60993] PHP Warning:  Trying to access array offset on value of type null in D:\\web\\htdocs\\praktikumphp\\pert1\\TodoList copy\\edit.php on line 80, referer: http://localhost/praktikumphp/pert1/todoList%20copy/index.php
[Tue May 09 09:33:33.363136 2023] [php:warn] [pid 11796:tid 1824] [client ::1:60993] PHP Warning:  Trying to access array offset on value of type null in D:\\web\\htdocs\\praktikumphp\\pert1\\TodoList copy\\edit.php on line 81, referer: http://localhost/praktikumphp/pert1/todoList%20copy/index.php
[Tue May 09 09:34:44.493442 2023] [php:error] [pid 11796:tid 1816] [client ::1:61003] PHP Fatal error:  Uncaught mysqli_sql_exception: Unknown column 'user_id' in 'where clause' in D:\\web\\htdocs\\praktikumphp\\pert1\\TodoList copy\\controller.php:8\nStack trace:\n#0 D:\\web\\htdocs\\praktikumphp\\pert1\\TodoList copy\\controller.php(8): mysqli_query(Object(mysqli), 'SELECT * FROM l...')\n#1 D:\\web\\htdocs\\praktikumphp\\pert1\\TodoList copy\\edit.php(18): query('SELECT * FROM l...')\n#2 {main}\n  thrown in D:\\web\\htdocs\\praktikumphp\\pert1\\TodoList copy\\controller.php on line 8, referer: http://localhost/praktikumphp/pert1/todoList%20copy/index.php
[Tue May 09 11:32:36.355108 2023] [core:error] [pid 11796:tid 600] (20024)The given path is misformatted or contained invalid characters: [client ::1:50796] AH00127: Cannot map GET /praktikumphp/pert1/todoList%20copy/url(https://instagram.fjog3-1.fna.fbcdn.net/v/t51.2885-19/280694125_1143025126477988_134560282773002426_n.jpg?stp=dst-jpg_s320x320&_nc_ht=instagram.fjog3-1.fna.fbcdn.net&_nc_cat=108&_nc_ohc=UKrqbFFzafoAX-yd1Wu&edm=AOQ1c0wBAAAA&ccb=7-5&oh=00_AfBtKJBcwmR8U-cWqxxPlmRWnVUItX6PEFDG6YHvgkqEYg&oe=645E2358&_nc_sid=8fd12b) HTTP/1.1 to file, referer: http://localhost/praktikumphp/pert1/todoList%20copy/index.php
[Tue May 09 15:00:26.602101 2023] [ssl:warn] [pid 12424:tid 408] AH01909: www.example.com:443:0 server certificate does NOT include an ID which matches the server name
[Tue May 09 15:00:26.649533 2023] [core:warn] [pid 12424:tid 408] AH00098: pid file D:/web/apache/logs/httpd.pid overwritten -- Unclean shutdown of previous Apache run?
[Tue May 09 15:00:26.650032 2023] [ssl:warn] [pid 12424:tid 408] AH01909: www.example.com:443:0 server certificate does NOT include an ID which matches the server name
[Tue May 09 15:00:27.548527 2023] [mpm_winnt:notice] [pid 12424:tid 408] AH00455: Apache/2.4.56 (Win64) OpenSSL/1.1.1t PHP/8.2.4 configured -- resuming normal operations
[Tue May 09 15:00:27.548527 2023] [mpm_winnt:notice] [pid 12424:tid 408] AH00456: Apache Lounge VS16 Server built: Mar  7 2023 13:21:03
[Tue May 09 15:00:27.548527 2023] [core:notice] [pid 12424:tid 408] AH00094: Command line: 'd:\\web\\apache\\bin\\httpd.exe -d D:/web/apache'
[Tue May 09 15:00:27.564235 2023] [mpm_winnt:notice] [pid 12424:tid 408] AH00418: Parent: Created child process 7552
[Tue May 09 15:00:28.737065 2023] [ssl:warn] [pid 7552:tid 408] AH01909: www.example.com:443:0 server certificate does NOT include an ID which matches the server name
[Tue May 09 15:00:28.783252 2023] [ssl:warn] [pid 7552:tid 408] AH01909: www.example.com:443:0 server certificate does NOT include an ID which matches the server name
[Tue May 09 15:00:28.855056 2023] [mpm_winnt:notice] [pid 7552:tid 408] AH00354: Child: Starting 150 worker threads.
[Tue May 09 15:18:24.339177 2023] [php:error] [pid 7552:tid 1852] [client ::1:54698] PHP Fatal error:  Uncaught mysqli_sql_exception: Unknown column 'username' in 'field list' in D:\\web\\htdocs\\praktikumphp\\pert1\\TodoList copy\\login.php:9\nStack trace:\n#0 D:\\web\\htdocs\\praktikumphp\\pert1\\TodoList copy\\login.php(9): mysqli_query(Object(mysqli), 'SELECT username...')\n#1 {main}\n  thrown in D:\\web\\htdocs\\praktikumphp\\pert1\\TodoList copy\\login.php on line 9
[Tue May 09 15:23:10.826337 2023] [php:warn] [pid 7552:tid 1848] [client ::1:56427] PHP Warning:  Undefined array key "username" in D:\\web\\htdocs\\praktikumphp\\pert1\\TodoList copy\\index.php on line 109
[Tue May 09 15:23:35.994955 2023] [php:warn] [pid 7552:tid 1852] [client ::1:56428] PHP Warning:  Undefined array key "username" in D:\\web\\htdocs\\praktikumphp\\pert1\\TodoList copy\\index.php on line 110
[Tue May 09 15:24:19.655485 2023] [php:warn] [pid 7552:tid 1848] [client ::1:63946] PHP Warning:  Undefined array key "username" in D:\\web\\htdocs\\praktikumphp\\pert1\\TodoList copy\\index.php on line 12
[Tue May 09 15:24:19.655485 2023] [php:warn] [pid 7552:tid 1848] [client ::1:63946] PHP Warning:  Trying to access array offset on value of type null in D:\\web\\htdocs\\praktikumphp\\pert1\\TodoList copy\\index.php on line 110
[Tue May 09 15:24:30.250108 2023] [php:warn] [pid 7552:tid 1852] [client ::1:50448] PHP Warning:  Undefined array key "username" in D:\\web\\htdocs\\praktikumphp\\pert1\\TodoList copy\\index.php on line 110
[Tue May 09 15:24:50.373479 2023] [php:warn] [pid 7552:tid 1848] [client ::1:62553] PHP Warning:  Undefined variable $username in D:\\web\\htdocs\\praktikumphp\\pert1\\TodoList copy\\index.php on line 111
[Tue May 09 15:24:50.373479 2023] [php:warn] [pid 7552:tid 1848] [client ::1:62553] PHP Warning:  Trying to access array offset on value of type null in D:\\web\\htdocs\\praktikumphp\\pert1\\TodoList copy\\index.php on line 111
[Tue May 09 15:25:00.386640 2023] [php:warn] [pid 7552:tid 1852] [client ::1:62555] PHP Warning:  Undefined variable $username in D:\\web\\htdocs\\praktikumphp\\pert1\\TodoList copy\\index.php on line 111
[Tue May 09 15:25:00.386640 2023] [php:warn] [pid 7552:tid 1852] [client ::1:62555] PHP Warning:  Trying to access array offset on value of type null in D:\\web\\htdocs\\praktikumphp\\pert1\\TodoList copy\\index.php on line 111
[Thu May 11 18:15:02.141655 2023] [ssl:warn] [pid 11728:tid 408] AH01909: www.example.com:443:0 server certificate does NOT include an ID which matches the server name
[Thu May 11 18:15:02.184486 2023] [core:warn] [pid 11728:tid 408] AH00098: pid file D:/web/apache/logs/httpd.pid overwritten -- Unclean shutdown of previous Apache run?
[Thu May 11 18:15:02.188082 2023] [ssl:warn] [pid 11728:tid 408] AH01909: www.example.com:443:0 server certificate does NOT include an ID which matches the server name
[Thu May 11 18:15:03.372819 2023] [mpm_winnt:notice] [pid 11728:tid 408] AH00455: Apache/2.4.56 (Win64) OpenSSL/1.1.1t PHP/8.2.4 configured -- resuming normal operations
[Thu May 11 18:15:03.372819 2023] [mpm_winnt:notice] [pid 11728:tid 408] AH00456: Apache Lounge VS16 Server built: Mar  7 2023 13:21:03
[Thu May 11 18:15:03.372819 2023] [core:notice] [pid 11728:tid 408] AH00094: Command line: 'd:\\web\\apache\\bin\\httpd.exe -d D:/web/apache'
[Thu May 11 18:15:03.501891 2023] [mpm_winnt:notice] [pid 11728:tid 408] AH00418: Parent: Created child process 8544
[Thu May 11 18:15:05.104611 2023] [ssl:warn] [pid 8544:tid 412] AH01909: www.example.com:443:0 server certificate does NOT include an ID which matches the server name
[Thu May 11 18:15:05.233561 2023] [ssl:warn] [pid 8544:tid 412] AH01909: www.example.com:443:0 server certificate does NOT include an ID which matches the server name
[Thu May 11 18:15:05.345146 2023] [mpm_winnt:notice] [pid 8544:tid 412] AH00354: Child: Starting 150 worker threads.
[Thu May 11 18:15:12.292569 2023] [php:error] [pid 8544:tid 1860] [client ::1:49830] PHP Fatal error:  Uncaught mysqli_sql_exception: Unknown database 'mahasiswa' in D:\\web\\htdocs\\praktikumphp\\pert1\\index.php:8\nStack trace:\n#0 D:\\web\\htdocs\\praktikumphp\\pert1\\index.php(8): mysqli_connect('localhost', 'root', Object(SensitiveParameterValue), 'mahasiswa')\n#1 {main}\n  thrown in D:\\web\\htdocs\\praktikumphp\\pert1\\index.php on line 8
